<?xml version="1.0" encoding="UTF-8"?>
<!-- Generated by org.testng.reporters.JUnitXMLReporter -->
<testsuite hostname="MacBook-Pro.attlocal.net" ignored="0" name="End to end Framework Test" tests="2" failures="0" timestamp="06 Jul 2022 15:44:06 GMT" time="41.185" errors="0">
  <testcase name="FillForm" time="12.118" classname="org.rahulshettyacademy.eCommerce_tc_4_Hybrid"/>
  <testcase name="FillForm" time="12.53" classname="org.rahulshettyacademy.eCommerce_tc_4_Hybrid"/>
</testsuite> <!-- End to end Framework Test -->
